<?xml version="1.0" encoding="UTF-8"?>
<testng-results ignored="0" total="1" passed="1" failed="0" skipped="0">
  <reporter-output>
  </reporter-output>
  <suite started-at="2021-04-21T13:08:56 MSK" name="Surefire suite" finished-at="2021-04-21T13:09:34 MSK" duration-ms="38300">
    <groups>
    </groups>
    <test started-at="2021-04-21T13:08:56 MSK" name="Surefire test" finished-at="2021-04-21T13:09:34 MSK" duration-ms="38300">
      <class name="LoginTest">
        <test-method is-config="true" signature="init()[pri:0, instance:LoginTest@22d6cac2]" started-at="2021-04-21T13:08:56 MSK" name="init" finished-at="2021-04-21T13:09:13 MSK" duration-ms="17544" status="PASS">
          <reporter-output>
          </reporter-output>
        </test-method> <!-- init -->
        <test-method is-config="true" signature="initDriver()[pri:0, instance:LoginTest@22d6cac2]" started-at="2021-04-21T13:09:13 MSK" name="initDriver" finished-at="2021-04-21T13:09:26 MSK" depends-on-methods="BaseTest.init" duration-ms="13216" status="PASS">
          <reporter-output>
          </reporter-output>
        </test-method> <!-- initDriver -->
        <test-method signature="AuthPage()[pri:0, instance:LoginTest@22d6cac2]" started-at="2021-04-21T13:09:27 MSK" name="AuthPage" finished-at="2021-04-21T13:09:32 MSK" duration-ms="5482" status="PASS">
          <reporter-output>
          </reporter-output>
        </test-method> <!-- AuthPage -->
        <test-method is-config="true" signature="tearDown()[pri:0, instance:LoginTest@22d6cac2]" started-at="2021-04-21T13:09:33 MSK" name="tearDown" finished-at="2021-04-21T13:09:34 MSK" duration-ms="463" status="PASS">
          <reporter-output>
          </reporter-output>
        </test-method> <!-- tearDown -->
      </class> <!-- LoginTest -->
    </test> <!-- Surefire test -->
  </suite> <!-- Surefire suite -->
</testng-results>
